INFO|2023-02-07 13:18:54|root|
Job, /home/camm961001/Github/house-prices/scripts/eda.py:
Status: DONE

INFO|2023-02-07 13:20:35|root|
	Job in /home/camm961001/Github/house-prices/scripts/eda.py:
	- Status: DONE

INFO|2023-02-07 13:20:47|root|
Job in /home/camm961001/Github/house-prices/scripts/eda.py:
	- Status: DONE

ERROR|2023-02-07 13:21:06|root|
An exception has occurred, either:
	- "assets/train.csv" not found in dir
	- ENV_VAR "hola" has no matching file in assets dir

ERROR|2023-02-07 13:22:08|root|
An exception has occurred, either:
	- "assets/train.csv "not found in assets dir
	- ENV_VAR "hola" has no matching file in assets dir

ERROR|2023-02-07 13:22:28|root|
An exception has occurred, either:
	- "assets/train.csv" not found in assets dir
	- ENV_VAR "hola" has no matching file in assets dir

INFO|2023-02-07 13:22:51|root|
Job in /home/camm961001/Github/house-prices/scripts/eda.py:
	- Status: DONE

INFO|2023-02-07 13:25:40|root|
Job in /home/camm961001/Github/house-prices/scripts/preprocess.py:
	- Status: DONE

INFO|2023-02-07 13:32:54|root|
Job in /home/camm961001/Github/house-prices/scripts/preprocess.py:
	- Status: DONE

ERROR|2023-02-07 13:33:44|root|
An exception has occurred, either:
	- "assets/train.csv" not found in assets dir
	- ENV_VAR "hola_mundo" has no matching file in assets dir

INFO|2023-02-07 13:33:44|root|
Job in /home/camm961001/Github/house-prices/scripts/preprocess.py:
	- Status: DONE

ERROR|2023-02-07 13:34:21|root|
An exception has occurred, either:
	- "assets/train.csv" not found in assets dir
	- ENV_VAR "hola_mundo" has no matching file in assets dir

INFO|2023-02-07 13:34:21|root|
Job in /home/camm961001/Github/house-prices/scripts/preprocess.py:
	- Status: DONE

ERROR|2023-02-07 13:44:56|root|
An exception has occurred, either:
	- "assets/train.csv" not found in assets dir
	- ENV_VAR "test_set" has no matching file in assets dir

INFO|2023-02-07 13:44:56|root|
Job in /home/camm961001/Github/house-prices/scripts/preprocess.py:
	- Status: DONE

INFO|2023-02-07 13:45:23|root|
Job in /home/camm961001/Github/house-prices/scripts/preprocess.py:
	- Status: DONE

INFO|2023-02-07 13:51:34|root|
Job in /home/camm961001/Github/house-prices/scripts/model.py:
	- Status: DONE
	- Scores: [0.87151612 0.89214278 0.91606666 0.74697862 0.86703842 0.8895551
 0.8939848  0.897498   0.78257655 0.81291437]
	- MeanScore: 0.857027142101726
	- TrainTime: 9.553971399999998 [seconds]


INFO|2023-02-07 13:52:25|root|
Job in /home/camm961001/Github/house-prices/scripts/model.py:
	- Status: DONE
	- MeanScore: 0.8595696210497573
	- TrainTime: 9.4376979 [seconds]

INFO|2023-02-07 13:52:45|root|
Job in /home/camm961001/Github/house-prices/scripts/model.py:
	- Status: DONE
	- MeanScore: 0.8472722693200356
	- TrainTime: 9.265203300000001 [seconds]


INFO|2023-02-07 13:53:07|root|
Job in /home/camm961001/Github/house-prices/scripts/model.py:
	- Status: DONE
	- MeanScore: 0.8528349295702633
	- TrainTime: 9.7839749 [seconds]

INFO|2023-02-07 13:53:26|root|
Job in /home/camm961001/Github/house-prices/scripts/model.py:
	- Status: DONE
	- MeanScore: 0.8535237379611107
	- TrainTime: 9.4210284 [seconds]

ERROR|2023-02-07 13:57:42|root|
An exception has occurred, either:
	- "assets/processed_train.csv" or
	- "assets/processed_test.csv" or
not found in assets dir

ERROR|2023-02-07 13:57:56|root|
An exception has occurred, either:
	- "assets/processed_train.csv" or
	- "assets/processed_test.csv"
not found in assets dir

ERROR|2023-02-07 13:58:10|root|
An exception has occurred, either:
	- "assets/processed_train.csv" or
	- "assets/processed_test.csv" not found in assets dir

INFO|2023-02-07 13:58:36|root|
Job in /home/camm961001/Github/house-prices/scripts/model.py:
	- Status: DONE
	- MeanScore: 0.8543006815599969
	- TrainTime: 10.1451558 [seconds]

INFO|2023-02-07 14:01:10|root|
Job in /home/camm961001/Github/house-prices/scripts/model.py:
	- Status: DONE
	- MeanScore: 0.8494819626311854
	- TrainTime: 9.765874199999999 [seconds]

INFO|2023-02-07 14:03:39|root|
Job in /home/camm961001/Github/house-prices/scripts/eda.py:
	- Status: DONE

INFO|2023-02-07 14:03:41|root|
Job in /home/camm961001/Github/house-prices/scripts/preprocess.py:
	- Status: DONE

INFO|2023-02-07 14:03:51|root|
Job in /home/camm961001/Github/house-prices/scripts/model.py:
	- Status: DONE
	- MeanScore: 0.8541825684320707
	- TrainTime: 9.4975671 [seconds]

INFO|2023-02-07 14:06:31|root|
Job in /home/camm961001/Github/house-prices/scripts/eda.py:
	- Status: DONE

INFO|2023-02-07 14:06:32|root|
Job in /home/camm961001/Github/house-prices/scripts/preprocess.py:
	- Status: DONE

INFO|2023-02-07 14:06:43|root|
Job in /home/camm961001/Github/house-prices/scripts/model.py:
	- Status: DONE
	- MeanScore: 0.8560354815287627
	- TrainTime: 9.809041800000001 [seconds]

INFO|2023-02-09 11:18:23|root|
Job in /home/camm961001/Github/house-prices/scripts/eda.py:
	- Status: DONE

